# JRE version: OpenJDK Runtime Environment (8.0_181-b13) (build 1.8.0_181-b13)
# Java VM: OpenJDK 64-Bit Server VM (25.181-b13 mixed mode linux-amd64 compressed oops)
Heap:
 PSYoungGen      total 136192K, used 72441K [0x00000000eab00000, 0x00000000f3e80000, 0x0000000100000000)
  eden space 131584K, 51% used [0x00000000eab00000,0x00000000eed5a6b0,0x00000000f2b80000)
  from space 4608K, 97% used [0x00000000f3000000,0x00000000f3464050,0x00000000f3480000)
  to   space 9728K, 0% used [0x00000000f3500000,0x00000000f3500000,0x00000000f3e80000)
 ParOldGen       total 93696K, used 58339K [0x00000000c0000000, 0x00000000c5b80000, 0x00000000eab00000)
  object space 93696K, 62% used [0x00000000c0000000,0x00000000c38f8c08,0x00000000c5b80000)
 Metaspace       used 74591K, capacity 77538K, committed 77696K, reserved 1116160K
  class space    used 9358K, capacity 10032K, committed 10112K, reserved 1048576K
GC Heap History (10 events):
Event: 2333.696 GC heap before
{Heap before GC invocations=56 (full 3):
 PSYoungGen      total 109568K, used 109343K [0x00000000eab00000, 0x00000000f3300000, 0x0000000100000000)
  eden space 102400K, 100% used [0x00000000eab00000,0x00000000f0f00000,0x00000000f0f00000)
  from space 7168K, 96% used [0x00000000f2c00000,0x00000000f32c7d00,0x00000000f3300000)
  to   space 9216K, 0% used [0x00000000f2100000,0x00000000f2100000,0x00000000f2a00000)
 ParOldGen       total 93696K, used 50526K [0x00000000c0000000, 0x00000000c5b80000, 0x00000000eab00000)
  object space 93696K, 53% used [0x00000000c0000000,0x00000000c3157bc0,0x00000000c5b80000)
 Metaspace       used 68109K, capacity 70572K, committed 70784K, reserved 1110016K
  class space    used 8588K, capacity 9217K, committed 9344K, reserved 1048576K
Event: 2333.711 GC heap after
Heap after GC invocations=56 (full 3):
 PSYoungGen      total 129024K, used 8772K [0x00000000eab00000, 0x00000000f3600000, 0x0000000100000000)
  eden space 119808K, 0% used [0x00000000eab00000,0x00000000eab00000,0x00000000f2000000)
  from space 9216K, 95% used [0x00000000f2100000,0x00000000f29913b0,0x00000000f2a00000)
  to   space 11264K, 0% used [0x00000000f2b00000,0x00000000f2b00000,0x00000000f3600000)
 ParOldGen       total 93696K, used 54830K [0x00000000c0000000, 0x00000000c5b80000, 0x00000000eab00000)
  object space 93696K, 58% used [0x00000000c0000000,0x00000000c358b9c8,0x00000000c5b80000)
 Metaspace       used 68109K, capacity 70572K, committed 70784K, reserved 1110016K
  class space    used 8588K, capacity 9217K, committed 9344K, reserved 1048576K
}
Event: 2335.568 GC heap before
{Heap before GC invocations=57 (full 3):
 PSYoungGen      total 129024K, used 128580K [0x00000000eab00000, 0x00000000f3600000, 0x0000000100000000)
  eden space 119808K, 100% used [0x00000000eab00000,0x00000000f2000000,0x00000000f2000000)
  from space 9216K, 95% used [0x00000000f2100000,0x00000000f29913b0,0x00000000f2a00000)
  to   space 11264K, 0% used [0x00000000f2b00000,0x00000000f2b00000,0x00000000f3600000)
 ParOldGen       total 93696K, used 54830K [0x00000000c0000000, 0x00000000c5b80000, 0x00000000eab00000)
  object space 93696K, 58% used [0x00000000c0000000,0x00000000c358b9c8,0x00000000c5b80000)
 Metaspace       used 70437K, capacity 73128K, committed 73344K, reserved 1114112K
  class space    used 8832K, capacity 9503K, committed 9600K, reserved 1048576K
Event: 2335.573 GC heap after
Heap after GC invocations=57 (full 3):
 PSYoungGen      total 122880K, used 3826K [0x00000000eab00000, 0x00000000f3180000, 0x0000000100000000)
  eden space 116224K, 0% used [0x00000000eab00000,0x00000000eab00000,0x00000000f1c80000)
  from space 6656K, 57% used [0x00000000f2b00000,0x00000000f2ebc938,0x00000000f3180000)
  to   space 10752K, 0% used [0x00000000f1c80000,0x00000000f1c80000,0x00000000f2700000)
 ParOldGen       total 93696K, used 56478K [0x00000000c0000000, 0x00000000c5b80000, 0x00000000eab00000)
  object space 93696K, 60% used [0x00000000c0000000,0x00000000c3727a58,0x00000000c5b80000)
 Metaspace       used 70437K, capacity 73128K, committed 73344K, reserved 1114112K
  class space    used 8832K, capacity 9503K, committed 9600K, reserved 1048576K
}
Event: 2336.042 GC heap before
{Heap before GC invocations=58 (full 3):
 PSYoungGen      total 122880K, used 120050K [0x00000000eab00000, 0x00000000f3180000, 0x0000000100000000)
  eden space 116224K, 100% used [0x00000000eab00000,0x00000000f1c80000,0x00000000f1c80000)
  from space 6656K, 57% used [0x00000000f2b00000,0x00000000f2ebc938,0x00000000f3180000)
  to   space 10752K, 0% used [0x00000000f1c80000,0x00000000f1c80000,0x00000000f2700000)
 ParOldGen       total 93696K, used 56478K [0x00000000c0000000, 0x00000000c5b80000, 0x00000000eab00000)
  object space 93696K, 60% used [0x00000000c0000000,0x00000000c3727a58,0x00000000c5b80000)
 Metaspace       used 70512K, capacity 73192K, committed 73344K, reserved 1114112K
  class space    used 8832K, capacity 9503K, committed 9600K, reserved 1048576K
Event: 2336.048 GC heap after
Heap after GC invocations=58 (full 3):
 PSYoungGen      total 126976K, used 177K [0x00000000eab00000, 0x00000000f4380000, 0x0000000100000000)
  eden space 116224K, 0% used [0x00000000eab00000,0x00000000eab00000,0x00000000f1c80000)
  from space 10752K, 1% used [0x00000000f1c80000,0x00000000f1cac4f8,0x00000000f2700000)
  to   space 10240K, 0% used [0x00000000f3980000,0x00000000f3980000,0x00000000f4380000)
 ParOldGen       total 93696K, used 58267K [0x00000000c0000000, 0x00000000c5b80000, 0x00000000eab00000)
  object space 93696K, 62% used [0x00000000c0000000,0x00000000c38e6c08,0x00000000c5b80000)
 Metaspace       used 70512K, capacity 73192K, committed 73344K, reserved 1114112K
  class space    used 8832K, capacity 9503K, committed 9600K, reserved 1048576K
}
Event: 2336.692 GC heap before
{Heap before GC invocations=59 (full 3):
 PSYoungGen      total 126976K, used 116401K [0x00000000eab00000, 0x00000000f4380000, 0x0000000100000000)
  eden space 116224K, 100% used [0x00000000eab00000,0x00000000f1c80000,0x00000000f1c80000)
  from space 10752K, 1% used [0x00000000f1c80000,0x00000000f1cac4f8,0x00000000f2700000)
  to   space 10240K, 0% used [0x00000000f3980000,0x00000000f3980000,0x00000000f4380000)
 ParOldGen       total 93696K, used 58267K [0x00000000c0000000, 0x00000000c5b80000, 0x00000000eab00000)
  object space 93696K, 62% used [0x00000000c0000000,0x00000000c38e6c08,0x00000000c5b80000)
 Metaspace       used 70514K, capacity 73192K, committed 73344K, reserved 1114112K
  class space    used 8832K, capacity 9503K, committed 9600K, reserved 1048576K
Event: 2336.698 GC heap after
Heap after GC invocations=59 (full 3):
 PSYoungGen      total 145920K, used 1088K [0x00000000eab00000, 0x00000000f4300000, 0x0000000100000000)
  eden space 136192K, 0% used [0x00000000eab00000,0x00000000eab00000,0x00000000f3000000)
  from space 9728K, 11% used [0x00000000f3980000,0x00000000f3a90010,0x00000000f4300000)
  to   space 9728K, 0% used [0x00000000f3000000,0x00000000f3000000,0x00000000f3980000)
 ParOldGen       total 93696K, used 58299K [0x00000000c0000000, 0x00000000c5b80000, 0x00000000eab00000)
  object space 93696K, 62% used [0x00000000c0000000,0x00000000c38eec08,0x00000000c5b80000)
 Metaspace       used 70514K, capacity 73192K, committed 73344K, reserved 1114112K
  class space    used 8832K, capacity 9503K, committed 9600K, reserved 1048576K
}
Event: 2816.583 GC heap before
{Heap before GC invocations=60 (full 3):
 PSYoungGen      total 145920K, used 137280K [0x00000000eab00000, 0x00000000f4300000, 0x0000000100000000)
  eden space 136192K, 100% used [0x00000000eab00000,0x00000000f3000000,0x00000000f3000000)
  from space 9728K, 11% used [0x00000000f3980000,0x00000000f3a90010,0x00000000f4300000)
  to   space 9728K, 0% used [0x00000000f3000000,0x00000000f3000000,0x00000000f3980000)
 ParOldGen       total 93696K, used 58299K [0x00000000c0000000, 0x00000000c5b80000, 0x00000000eab00000)
  object space 93696K, 62% used [0x00000000c0000000,0x00000000c38eec08,0x00000000c5b80000)
 Metaspace       used 71173K, capacity 74094K, committed 74112K, reserved 1114112K
  class space    used 8912K, capacity 9592K, committed 9600K, reserved 1048576K
Event: 2816.591 GC heap after
Heap after GC invocations=60 (full 3):
 PSYoungGen      total 136192K, used 4496K [0x00000000eab00000, 0x00000000f3e80000, 0x0000000100000000)
  eden space 131584K, 0% used [0x00000000eab00000,0x00000000eab00000,0x00000000f2b80000)
  from space 4608K, 97% used [0x00000000f3000000,0x00000000f3464050,0x00000000f3480000)
  to   space 9728K, 0% used [0x00000000f3500000,0x00000000f3500000,0x00000000f3e80000)
 ParOldGen       total 93696K, used 58339K [0x00000000c0000000, 0x00000000c5b80000, 0x00000000eab00000)
  object space 93696K, 62% used [0x00000000c0000000,0x00000000c38f8c08,0x00000000c5b80000)
 Metaspace       used 71173K, capacity 74094K, committed 74112K, reserved 1114112K
  class space    used 8912K, capacity 9592K, committed 9600K, reserved 1048576K
}

